[17:35:40.635802 INFO] :
***Запрос /admin/settings занял 933.46 ms***  
 

[17:37:32.106325 INFO] :
 Запрос /admin/log занял 879.69 ms   
 

[17:37:37.329330 INFO] :
 Запрос /admin/log занял 841.44 ms   
 

[17:37:40.020293 INFO] :
 Запрос /about занял 818.04 ms   
 

[17:37:44.173621 INFO] :
 Запрос /admin занял 754.07 ms   
 

[10:39:44.897482 INFO] :
 Запрос /admin занял 329.49 ms   
 

[10:39:46.535769 INFO] :
 Запрос /admin занял 313.77 ms   
 

[10:39:50.022552 INFO] :
 Запрос /admin/settings занял 318.46 ms   
 

[10:43:17.038331 INFO] :
 Запрос /admin/settings занял 357.63 ms   
 

[10:44:28.083694 INFO] :
 Запрос /admin/settings занял 303.04 ms   
 

[10:44:29.852764 INFO] :
 Запрос /admin/settings занял 298.16 ms   
 

